ERROR - 2023-02-17 10:46:39 --> Error connecting to the database: A socket operation was attempted to an unreachable host.

CRITICAL - 2023-02-17 10:46:39 --> Unable to connect to the database.
Main connection [MySQLi]: A socket operation was attempted to an unreachable host.

#0 C:\xampp\htdocs\wcs.pns.id\vendor\codeigniter4\framework\system\Database\BaseConnection.php(577): CodeIgniter\Database\BaseConnection->initialize()
#1 C:\xampp\htdocs\wcs.pns.id\vendor\codeigniter4\framework\system\Database\BaseBuilder.php(1455): CodeIgniter\Database\BaseConnection->query('SELECT *\nFROM `...', Array, false)
#2 C:\xampp\htdocs\wcs.pns.id\app\Models\Home_model.php(77): CodeIgniter\Database\BaseBuilder->get()
#3 C:\xampp\htdocs\wcs.pns.id\app\Controllers\Home.php(908): App\Models\Home_model->check_conn()
#4 C:\xampp\htdocs\wcs.pns.id\vendor\codeigniter4\framework\system\CodeIgniter.php(832): App\Controllers\Home->check2()
#5 C:\xampp\htdocs\wcs.pns.id\vendor\codeigniter4\framework\system\CodeIgniter.php(419): CodeIgniter\CodeIgniter->runController(Object(App\Controllers\Home))
#6 C:\xampp\htdocs\wcs.pns.id\vendor\codeigniter4\framework\system\CodeIgniter.php(326): CodeIgniter\CodeIgniter->handleRequest(NULL, Object(Config\Cache), false)
#7 C:\xampp\htdocs\wcs.pns.id\index.php(37): CodeIgniter\CodeIgniter->run()
#8 {main}
ERROR - 2023-02-17 11:18:48 --> Error connecting to the database: A socket operation was attempted to an unreachable host.

CRITICAL - 2023-02-17 11:18:48 --> Unable to connect to the database.
Main connection [MySQLi]: A socket operation was attempted to an unreachable host.

#0 C:\xampp\htdocs\wcs.pns.id\vendor\codeigniter4\framework\system\Database\BaseConnection.php(577): CodeIgniter\Database\BaseConnection->initialize()
#1 C:\xampp\htdocs\wcs.pns.id\vendor\codeigniter4\framework\system\Database\BaseBuilder.php(1455): CodeIgniter\Database\BaseConnection->query('SELECT *\nFROM `...', Array, false)
#2 C:\xampp\htdocs\wcs.pns.id\app\Models\Home_model.php(77): CodeIgniter\Database\BaseBuilder->get()
#3 C:\xampp\htdocs\wcs.pns.id\app\Controllers\Home.php(908): App\Models\Home_model->check_conn()
#4 C:\xampp\htdocs\wcs.pns.id\vendor\codeigniter4\framework\system\CodeIgniter.php(832): App\Controllers\Home->check2()
#5 C:\xampp\htdocs\wcs.pns.id\vendor\codeigniter4\framework\system\CodeIgniter.php(419): CodeIgniter\CodeIgniter->runController(Object(App\Controllers\Home))
#6 C:\xampp\htdocs\wcs.pns.id\vendor\codeigniter4\framework\system\CodeIgniter.php(326): CodeIgniter\CodeIgniter->handleRequest(NULL, Object(Config\Cache), false)
#7 C:\xampp\htdocs\wcs.pns.id\index.php(37): CodeIgniter\CodeIgniter->run()
#8 {main}
ERROR - 2023-02-17 13:01:10 --> Error connecting to the database: A socket operation was attempted to an unreachable host.

CRITICAL - 2023-02-17 13:01:10 --> Unable to connect to the database.
Main connection [MySQLi]: A socket operation was attempted to an unreachable host.

#0 C:\xampp\htdocs\wcs.pns.id\vendor\codeigniter4\framework\system\Database\BaseConnection.php(577): CodeIgniter\Database\BaseConnection->initialize()
#1 C:\xampp\htdocs\wcs.pns.id\vendor\codeigniter4\framework\system\Database\BaseBuilder.php(1455): CodeIgniter\Database\BaseConnection->query('SELECT *\nFROM `...', Array, false)
#2 C:\xampp\htdocs\wcs.pns.id\app\Models\Home_model.php(77): CodeIgniter\Database\BaseBuilder->get()
#3 C:\xampp\htdocs\wcs.pns.id\app\Controllers\Home.php(908): App\Models\Home_model->check_conn()
#4 C:\xampp\htdocs\wcs.pns.id\vendor\codeigniter4\framework\system\CodeIgniter.php(832): App\Controllers\Home->check2()
#5 C:\xampp\htdocs\wcs.pns.id\vendor\codeigniter4\framework\system\CodeIgniter.php(419): CodeIgniter\CodeIgniter->runController(Object(App\Controllers\Home))
#6 C:\xampp\htdocs\wcs.pns.id\vendor\codeigniter4\framework\system\CodeIgniter.php(326): CodeIgniter\CodeIgniter->handleRequest(NULL, Object(Config\Cache), false)
#7 C:\xampp\htdocs\wcs.pns.id\index.php(37): CodeIgniter\CodeIgniter->run()
#8 {main}
