CRITICAL - 2023-01-27 11:01:56 --> A non well formed numeric value encountered
#0 [internal function]: CodeIgniter\Debug\Exceptions->errorHandler(8, 'A non well form...', 'C:\\xampp\\htdocs...', 99, Array)
#1 C:\xampp\htdocs\wcs.pns.id\app\Controllers\Home.php(99): strtotime('-1 day', '2023-01-27')
#2 C:\xampp\htdocs\wcs.pns.id\vendor\codeigniter4\framework\system\CodeIgniter.php(832): App\Controllers\Home->dashboard()
#3 C:\xampp\htdocs\wcs.pns.id\vendor\codeigniter4\framework\system\CodeIgniter.php(419): CodeIgniter\CodeIgniter->runController(Object(App\Controllers\Home))
#4 C:\xampp\htdocs\wcs.pns.id\vendor\codeigniter4\framework\system\CodeIgniter.php(326): CodeIgniter\CodeIgniter->handleRequest(NULL, Object(Config\Cache), false)
#5 C:\xampp\htdocs\wcs.pns.id\index.php(37): CodeIgniter\CodeIgniter->run()
#6 {main}
CRITICAL - 2023-01-27 11:01:58 --> A non well formed numeric value encountered
#0 [internal function]: CodeIgniter\Debug\Exceptions->errorHandler(8, 'A non well form...', 'C:\\xampp\\htdocs...', 99, Array)
#1 C:\xampp\htdocs\wcs.pns.id\app\Controllers\Home.php(99): strtotime('-1 day', '2023-01-27')
#2 C:\xampp\htdocs\wcs.pns.id\vendor\codeigniter4\framework\system\CodeIgniter.php(832): App\Controllers\Home->dashboard()
#3 C:\xampp\htdocs\wcs.pns.id\vendor\codeigniter4\framework\system\CodeIgniter.php(419): CodeIgniter\CodeIgniter->runController(Object(App\Controllers\Home))
#4 C:\xampp\htdocs\wcs.pns.id\vendor\codeigniter4\framework\system\CodeIgniter.php(326): CodeIgniter\CodeIgniter->handleRequest(NULL, Object(Config\Cache), false)
#5 C:\xampp\htdocs\wcs.pns.id\index.php(37): CodeIgniter\CodeIgniter->run()
#6 {main}
CRITICAL - 2023-01-27 11:02:02 --> A non well formed numeric value encountered
#0 [internal function]: CodeIgniter\Debug\Exceptions->errorHandler(8, 'A non well form...', 'C:\\xampp\\htdocs...', 99, Array)
#1 C:\xampp\htdocs\wcs.pns.id\app\Controllers\Home.php(99): strtotime('-1 day', '2023-01-27')
#2 C:\xampp\htdocs\wcs.pns.id\vendor\codeigniter4\framework\system\CodeIgniter.php(832): App\Controllers\Home->dashboard()
#3 C:\xampp\htdocs\wcs.pns.id\vendor\codeigniter4\framework\system\CodeIgniter.php(419): CodeIgniter\CodeIgniter->runController(Object(App\Controllers\Home))
#4 C:\xampp\htdocs\wcs.pns.id\vendor\codeigniter4\framework\system\CodeIgniter.php(326): CodeIgniter\CodeIgniter->handleRequest(NULL, Object(Config\Cache), false)
#5 C:\xampp\htdocs\wcs.pns.id\index.php(37): CodeIgniter\CodeIgniter->run()
#6 {main}
CRITICAL - 2023-01-27 11:02:07 --> A non well formed numeric value encountered
#0 [internal function]: CodeIgniter\Debug\Exceptions->errorHandler(8, 'A non well form...', 'C:\\xampp\\htdocs...', 99, Array)
#1 C:\xampp\htdocs\wcs.pns.id\app\Controllers\Home.php(99): strtotime('-1 day', '2023-01-27')
#2 C:\xampp\htdocs\wcs.pns.id\vendor\codeigniter4\framework\system\CodeIgniter.php(832): App\Controllers\Home->dashboard()
#3 C:\xampp\htdocs\wcs.pns.id\vendor\codeigniter4\framework\system\CodeIgniter.php(419): CodeIgniter\CodeIgniter->runController(Object(App\Controllers\Home))
#4 C:\xampp\htdocs\wcs.pns.id\vendor\codeigniter4\framework\system\CodeIgniter.php(326): CodeIgniter\CodeIgniter->handleRequest(NULL, Object(Config\Cache), false)
#5 C:\xampp\htdocs\wcs.pns.id\index.php(37): CodeIgniter\CodeIgniter->run()
#6 {main}
CRITICAL - 2023-01-27 11:03:08 --> A non well formed numeric value encountered
#0 [internal function]: CodeIgniter\Debug\Exceptions->errorHandler(8, 'A non well form...', 'C:\\xampp\\htdocs...', 100, Array)
#1 C:\xampp\htdocs\wcs.pns.id\app\Controllers\Home.php(100): strtotime('-1 day', '2023-01-27')
#2 C:\xampp\htdocs\wcs.pns.id\vendor\codeigniter4\framework\system\CodeIgniter.php(832): App\Controllers\Home->dashboard()
#3 C:\xampp\htdocs\wcs.pns.id\vendor\codeigniter4\framework\system\CodeIgniter.php(419): CodeIgniter\CodeIgniter->runController(Object(App\Controllers\Home))
#4 C:\xampp\htdocs\wcs.pns.id\vendor\codeigniter4\framework\system\CodeIgniter.php(326): CodeIgniter\CodeIgniter->handleRequest(NULL, Object(Config\Cache), false)
#5 C:\xampp\htdocs\wcs.pns.id\index.php(37): CodeIgniter\CodeIgniter->run()
#6 {main}
CRITICAL - 2023-01-27 11:09:46 --> Undefined variable: dateBefore
#0 C:\xampp\htdocs\wcs.pns.id\app\Controllers\Home.php(112): CodeIgniter\Debug\Exceptions->errorHandler(8, 'Undefined varia...', 'C:\\xampp\\htdocs...', 112, Array)
#1 C:\xampp\htdocs\wcs.pns.id\vendor\codeigniter4\framework\system\CodeIgniter.php(832): App\Controllers\Home->dashboard()
#2 C:\xampp\htdocs\wcs.pns.id\vendor\codeigniter4\framework\system\CodeIgniter.php(419): CodeIgniter\CodeIgniter->runController(Object(App\Controllers\Home))
#3 C:\xampp\htdocs\wcs.pns.id\vendor\codeigniter4\framework\system\CodeIgniter.php(326): CodeIgniter\CodeIgniter->handleRequest(NULL, Object(Config\Cache), false)
#4 C:\xampp\htdocs\wcs.pns.id\index.php(37): CodeIgniter\CodeIgniter->run()
#5 {main}
CRITICAL - 2023-01-27 11:09:47 --> Undefined variable: dateBefore
#0 C:\xampp\htdocs\wcs.pns.id\app\Controllers\Home.php(112): CodeIgniter\Debug\Exceptions->errorHandler(8, 'Undefined varia...', 'C:\\xampp\\htdocs...', 112, Array)
#1 C:\xampp\htdocs\wcs.pns.id\vendor\codeigniter4\framework\system\CodeIgniter.php(832): App\Controllers\Home->dashboard()
#2 C:\xampp\htdocs\wcs.pns.id\vendor\codeigniter4\framework\system\CodeIgniter.php(419): CodeIgniter\CodeIgniter->runController(Object(App\Controllers\Home))
#3 C:\xampp\htdocs\wcs.pns.id\vendor\codeigniter4\framework\system\CodeIgniter.php(326): CodeIgniter\CodeIgniter->handleRequest(NULL, Object(Config\Cache), false)
#4 C:\xampp\htdocs\wcs.pns.id\index.php(37): CodeIgniter\CodeIgniter->run()
#5 {main}
CRITICAL - 2023-01-27 11:09:49 --> Undefined variable: dateBefore
#0 C:\xampp\htdocs\wcs.pns.id\app\Controllers\Home.php(112): CodeIgniter\Debug\Exceptions->errorHandler(8, 'Undefined varia...', 'C:\\xampp\\htdocs...', 112, Array)
#1 C:\xampp\htdocs\wcs.pns.id\vendor\codeigniter4\framework\system\CodeIgniter.php(832): App\Controllers\Home->dashboard()
#2 C:\xampp\htdocs\wcs.pns.id\vendor\codeigniter4\framework\system\CodeIgniter.php(419): CodeIgniter\CodeIgniter->runController(Object(App\Controllers\Home))
#3 C:\xampp\htdocs\wcs.pns.id\vendor\codeigniter4\framework\system\CodeIgniter.php(326): CodeIgniter\CodeIgniter->handleRequest(NULL, Object(Config\Cache), false)
#4 C:\xampp\htdocs\wcs.pns.id\index.php(37): CodeIgniter\CodeIgniter->run()
#5 {main}
CRITICAL - 2023-01-27 11:09:58 --> Undefined variable: dateBefore
#0 C:\xampp\htdocs\wcs.pns.id\app\Controllers\Home.php(112): CodeIgniter\Debug\Exceptions->errorHandler(8, 'Undefined varia...', 'C:\\xampp\\htdocs...', 112, Array)
#1 C:\xampp\htdocs\wcs.pns.id\vendor\codeigniter4\framework\system\CodeIgniter.php(832): App\Controllers\Home->dashboard()
#2 C:\xampp\htdocs\wcs.pns.id\vendor\codeigniter4\framework\system\CodeIgniter.php(419): CodeIgniter\CodeIgniter->runController(Object(App\Controllers\Home))
#3 C:\xampp\htdocs\wcs.pns.id\vendor\codeigniter4\framework\system\CodeIgniter.php(326): CodeIgniter\CodeIgniter->handleRequest(NULL, Object(Config\Cache), false)
#4 C:\xampp\htdocs\wcs.pns.id\index.php(37): CodeIgniter\CodeIgniter->run()
#5 {main}
CRITICAL - 2023-01-27 11:10:20 --> Undefined variable: dateBefore
#0 C:\xampp\htdocs\wcs.pns.id\app\Controllers\Home.php(112): CodeIgniter\Debug\Exceptions->errorHandler(8, 'Undefined varia...', 'C:\\xampp\\htdocs...', 112, Array)
#1 C:\xampp\htdocs\wcs.pns.id\vendor\codeigniter4\framework\system\CodeIgniter.php(832): App\Controllers\Home->dashboard()
#2 C:\xampp\htdocs\wcs.pns.id\vendor\codeigniter4\framework\system\CodeIgniter.php(419): CodeIgniter\CodeIgniter->runController(Object(App\Controllers\Home))
#3 C:\xampp\htdocs\wcs.pns.id\vendor\codeigniter4\framework\system\CodeIgniter.php(326): CodeIgniter\CodeIgniter->handleRequest(NULL, Object(Config\Cache), false)
#4 C:\xampp\htdocs\wcs.pns.id\index.php(37): CodeIgniter\CodeIgniter->run()
#5 {main}
CRITICAL - 2023-01-27 11:10:44 --> Undefined variable: dateBefore
#0 C:\xampp\htdocs\wcs.pns.id\app\Controllers\Home.php(112): CodeIgniter\Debug\Exceptions->errorHandler(8, 'Undefined varia...', 'C:\\xampp\\htdocs...', 112, Array)
#1 C:\xampp\htdocs\wcs.pns.id\vendor\codeigniter4\framework\system\CodeIgniter.php(832): App\Controllers\Home->dashboard()
#2 C:\xampp\htdocs\wcs.pns.id\vendor\codeigniter4\framework\system\CodeIgniter.php(419): CodeIgniter\CodeIgniter->runController(Object(App\Controllers\Home))
#3 C:\xampp\htdocs\wcs.pns.id\vendor\codeigniter4\framework\system\CodeIgniter.php(326): CodeIgniter\CodeIgniter->handleRequest(NULL, Object(Config\Cache), false)
#4 C:\xampp\htdocs\wcs.pns.id\index.php(37): CodeIgniter\CodeIgniter->run()
#5 {main}
CRITICAL - 2023-01-27 11:16:10 --> Undefined variable: dateNow1
#0 C:\xampp\htdocs\wcs.pns.id\app\Controllers\Home.php(113): CodeIgniter\Debug\Exceptions->errorHandler(8, 'Undefined varia...', 'C:\\xampp\\htdocs...', 113, Array)
#1 C:\xampp\htdocs\wcs.pns.id\vendor\codeigniter4\framework\system\CodeIgniter.php(832): App\Controllers\Home->dashboard()
#2 C:\xampp\htdocs\wcs.pns.id\vendor\codeigniter4\framework\system\CodeIgniter.php(419): CodeIgniter\CodeIgniter->runController(Object(App\Controllers\Home))
#3 C:\xampp\htdocs\wcs.pns.id\vendor\codeigniter4\framework\system\CodeIgniter.php(326): CodeIgniter\CodeIgniter->handleRequest(NULL, Object(Config\Cache), false)
#4 C:\xampp\htdocs\wcs.pns.id\index.php(37): CodeIgniter\CodeIgniter->run()
#5 {main}
CRITICAL - 2023-01-27 11:27:44 --> Division by zero
#0 C:\xampp\htdocs\wcs.pns.id\app\Views\dashboard.php(34): CodeIgniter\Debug\Exceptions->errorHandler(2, 'Division by zer...', 'C:\\xampp\\htdocs...', 34, Array)
#1 C:\xampp\htdocs\wcs.pns.id\vendor\codeigniter4\framework\system\View\View.php(210): include('C:\\xampp\\htdocs...')
#2 C:\xampp\htdocs\wcs.pns.id\vendor\codeigniter4\framework\system\View\View.php(213): CodeIgniter\View\View->CodeIgniter\View\{closure}()
#3 C:\xampp\htdocs\wcs.pns.id\vendor\codeigniter4\framework\system\Common.php(1089): CodeIgniter\View\View->render('dashboard', Array, true)
#4 C:\xampp\htdocs\wcs.pns.id\app\Controllers\Home.php(128): view('dashboard', Array)
#5 C:\xampp\htdocs\wcs.pns.id\vendor\codeigniter4\framework\system\CodeIgniter.php(832): App\Controllers\Home->dashboard()
#6 C:\xampp\htdocs\wcs.pns.id\vendor\codeigniter4\framework\system\CodeIgniter.php(419): CodeIgniter\CodeIgniter->runController(Object(App\Controllers\Home))
#7 C:\xampp\htdocs\wcs.pns.id\vendor\codeigniter4\framework\system\CodeIgniter.php(326): CodeIgniter\CodeIgniter->handleRequest(NULL, Object(Config\Cache), false)
#8 C:\xampp\htdocs\wcs.pns.id\index.php(37): CodeIgniter\CodeIgniter->run()
#9 {main}
CRITICAL - 2023-01-27 11:28:10 --> Division by zero
#0 C:\xampp\htdocs\wcs.pns.id\app\Views\dashboard.php(34): CodeIgniter\Debug\Exceptions->errorHandler(2, 'Division by zer...', 'C:\\xampp\\htdocs...', 34, Array)
#1 C:\xampp\htdocs\wcs.pns.id\vendor\codeigniter4\framework\system\View\View.php(210): include('C:\\xampp\\htdocs...')
#2 C:\xampp\htdocs\wcs.pns.id\vendor\codeigniter4\framework\system\View\View.php(213): CodeIgniter\View\View->CodeIgniter\View\{closure}()
#3 C:\xampp\htdocs\wcs.pns.id\vendor\codeigniter4\framework\system\Common.php(1089): CodeIgniter\View\View->render('dashboard', Array, true)
#4 C:\xampp\htdocs\wcs.pns.id\app\Controllers\Home.php(128): view('dashboard', Array)
#5 C:\xampp\htdocs\wcs.pns.id\vendor\codeigniter4\framework\system\CodeIgniter.php(832): App\Controllers\Home->dashboard()
#6 C:\xampp\htdocs\wcs.pns.id\vendor\codeigniter4\framework\system\CodeIgniter.php(419): CodeIgniter\CodeIgniter->runController(Object(App\Controllers\Home))
#7 C:\xampp\htdocs\wcs.pns.id\vendor\codeigniter4\framework\system\CodeIgniter.php(326): CodeIgniter\CodeIgniter->handleRequest(NULL, Object(Config\Cache), false)
#8 C:\xampp\htdocs\wcs.pns.id\index.php(37): CodeIgniter\CodeIgniter->run()
#9 {main}
CRITICAL - 2023-01-27 11:28:34 --> Division by zero
#0 C:\xampp\htdocs\wcs.pns.id\app\Views\dashboard.php(34): CodeIgniter\Debug\Exceptions->errorHandler(2, 'Division by zer...', 'C:\\xampp\\htdocs...', 34, Array)
#1 C:\xampp\htdocs\wcs.pns.id\vendor\codeigniter4\framework\system\View\View.php(210): include('C:\\xampp\\htdocs...')
#2 C:\xampp\htdocs\wcs.pns.id\vendor\codeigniter4\framework\system\View\View.php(213): CodeIgniter\View\View->CodeIgniter\View\{closure}()
#3 C:\xampp\htdocs\wcs.pns.id\vendor\codeigniter4\framework\system\Common.php(1089): CodeIgniter\View\View->render('dashboard', Array, true)
#4 C:\xampp\htdocs\wcs.pns.id\app\Controllers\Home.php(128): view('dashboard', Array)
#5 C:\xampp\htdocs\wcs.pns.id\vendor\codeigniter4\framework\system\CodeIgniter.php(832): App\Controllers\Home->dashboard()
#6 C:\xampp\htdocs\wcs.pns.id\vendor\codeigniter4\framework\system\CodeIgniter.php(419): CodeIgniter\CodeIgniter->runController(Object(App\Controllers\Home))
#7 C:\xampp\htdocs\wcs.pns.id\vendor\codeigniter4\framework\system\CodeIgniter.php(326): CodeIgniter\CodeIgniter->handleRequest(NULL, Object(Config\Cache), false)
#8 C:\xampp\htdocs\wcs.pns.id\index.php(37): CodeIgniter\CodeIgniter->run()
#9 {main}
CRITICAL - 2023-01-27 11:29:45 --> Division by zero
#0 C:\xampp\htdocs\wcs.pns.id\app\Views\dashboard.php(34): CodeIgniter\Debug\Exceptions->errorHandler(2, 'Division by zer...', 'C:\\xampp\\htdocs...', 34, Array)
#1 C:\xampp\htdocs\wcs.pns.id\vendor\codeigniter4\framework\system\View\View.php(210): include('C:\\xampp\\htdocs...')
#2 C:\xampp\htdocs\wcs.pns.id\vendor\codeigniter4\framework\system\View\View.php(213): CodeIgniter\View\View->CodeIgniter\View\{closure}()
#3 C:\xampp\htdocs\wcs.pns.id\vendor\codeigniter4\framework\system\Common.php(1089): CodeIgniter\View\View->render('dashboard', Array, true)
#4 C:\xampp\htdocs\wcs.pns.id\app\Controllers\Home.php(128): view('dashboard', Array)
#5 C:\xampp\htdocs\wcs.pns.id\vendor\codeigniter4\framework\system\CodeIgniter.php(832): App\Controllers\Home->dashboard()
#6 C:\xampp\htdocs\wcs.pns.id\vendor\codeigniter4\framework\system\CodeIgniter.php(419): CodeIgniter\CodeIgniter->runController(Object(App\Controllers\Home))
#7 C:\xampp\htdocs\wcs.pns.id\vendor\codeigniter4\framework\system\CodeIgniter.php(326): CodeIgniter\CodeIgniter->handleRequest(NULL, Object(Config\Cache), false)
#8 C:\xampp\htdocs\wcs.pns.id\index.php(37): CodeIgniter\CodeIgniter->run()
#9 {main}
CRITICAL - 2023-01-27 11:29:47 --> Division by zero
#0 C:\xampp\htdocs\wcs.pns.id\app\Views\dashboard.php(34): CodeIgniter\Debug\Exceptions->errorHandler(2, 'Division by zer...', 'C:\\xampp\\htdocs...', 34, Array)
#1 C:\xampp\htdocs\wcs.pns.id\vendor\codeigniter4\framework\system\View\View.php(210): include('C:\\xampp\\htdocs...')
#2 C:\xampp\htdocs\wcs.pns.id\vendor\codeigniter4\framework\system\View\View.php(213): CodeIgniter\View\View->CodeIgniter\View\{closure}()
#3 C:\xampp\htdocs\wcs.pns.id\vendor\codeigniter4\framework\system\Common.php(1089): CodeIgniter\View\View->render('dashboard', Array, true)
#4 C:\xampp\htdocs\wcs.pns.id\app\Controllers\Home.php(128): view('dashboard', Array)
#5 C:\xampp\htdocs\wcs.pns.id\vendor\codeigniter4\framework\system\CodeIgniter.php(832): App\Controllers\Home->dashboard()
#6 C:\xampp\htdocs\wcs.pns.id\vendor\codeigniter4\framework\system\CodeIgniter.php(419): CodeIgniter\CodeIgniter->runController(Object(App\Controllers\Home))
#7 C:\xampp\htdocs\wcs.pns.id\vendor\codeigniter4\framework\system\CodeIgniter.php(326): CodeIgniter\CodeIgniter->handleRequest(NULL, Object(Config\Cache), false)
#8 C:\xampp\htdocs\wcs.pns.id\index.php(37): CodeIgniter\CodeIgniter->run()
#9 {main}
CRITICAL - 2023-01-27 14:23:18 --> Undefined variable: timbangan2
#0 C:\xampp\htdocs\wcs.pns.id\app\Views\dashboard.php(34): CodeIgniter\Debug\Exceptions->errorHandler(8, 'Undefined varia...', 'C:\\xampp\\htdocs...', 34, Array)
#1 C:\xampp\htdocs\wcs.pns.id\vendor\codeigniter4\framework\system\View\View.php(210): include('C:\\xampp\\htdocs...')
#2 C:\xampp\htdocs\wcs.pns.id\vendor\codeigniter4\framework\system\View\View.php(213): CodeIgniter\View\View->CodeIgniter\View\{closure}()
#3 C:\xampp\htdocs\wcs.pns.id\vendor\codeigniter4\framework\system\Common.php(1089): CodeIgniter\View\View->render('dashboard', Array, true)
#4 C:\xampp\htdocs\wcs.pns.id\app\Controllers\Home.php(128): view('dashboard', Array)
#5 C:\xampp\htdocs\wcs.pns.id\vendor\codeigniter4\framework\system\CodeIgniter.php(832): App\Controllers\Home->dashboard()
#6 C:\xampp\htdocs\wcs.pns.id\vendor\codeigniter4\framework\system\CodeIgniter.php(419): CodeIgniter\CodeIgniter->runController(Object(App\Controllers\Home))
#7 C:\xampp\htdocs\wcs.pns.id\vendor\codeigniter4\framework\system\CodeIgniter.php(326): CodeIgniter\CodeIgniter->handleRequest(NULL, Object(Config\Cache), false)
#8 C:\xampp\htdocs\wcs.pns.id\index.php(37): CodeIgniter\CodeIgniter->run()
#9 {main}
CRITICAL - 2023-01-27 14:23:27 --> Undefined variable: timbangan2
#0 C:\xampp\htdocs\wcs.pns.id\app\Views\dashboard.php(34): CodeIgniter\Debug\Exceptions->errorHandler(8, 'Undefined varia...', 'C:\\xampp\\htdocs...', 34, Array)
#1 C:\xampp\htdocs\wcs.pns.id\vendor\codeigniter4\framework\system\View\View.php(210): include('C:\\xampp\\htdocs...')
#2 C:\xampp\htdocs\wcs.pns.id\vendor\codeigniter4\framework\system\View\View.php(213): CodeIgniter\View\View->CodeIgniter\View\{closure}()
#3 C:\xampp\htdocs\wcs.pns.id\vendor\codeigniter4\framework\system\Common.php(1089): CodeIgniter\View\View->render('dashboard', Array, true)
#4 C:\xampp\htdocs\wcs.pns.id\app\Controllers\Home.php(128): view('dashboard', Array)
#5 C:\xampp\htdocs\wcs.pns.id\vendor\codeigniter4\framework\system\CodeIgniter.php(832): App\Controllers\Home->dashboard()
#6 C:\xampp\htdocs\wcs.pns.id\vendor\codeigniter4\framework\system\CodeIgniter.php(419): CodeIgniter\CodeIgniter->runController(Object(App\Controllers\Home))
#7 C:\xampp\htdocs\wcs.pns.id\vendor\codeigniter4\framework\system\CodeIgniter.php(326): CodeIgniter\CodeIgniter->handleRequest(NULL, Object(Config\Cache), false)
#8 C:\xampp\htdocs\wcs.pns.id\index.php(37): CodeIgniter\CodeIgniter->run()
#9 {main}
CRITICAL - 2023-01-27 14:23:36 --> Undefined variable: timbangan2
#0 C:\xampp\htdocs\wcs.pns.id\app\Views\dashboard.php(34): CodeIgniter\Debug\Exceptions->errorHandler(8, 'Undefined varia...', 'C:\\xampp\\htdocs...', 34, Array)
#1 C:\xampp\htdocs\wcs.pns.id\vendor\codeigniter4\framework\system\View\View.php(210): include('C:\\xampp\\htdocs...')
#2 C:\xampp\htdocs\wcs.pns.id\vendor\codeigniter4\framework\system\View\View.php(213): CodeIgniter\View\View->CodeIgniter\View\{closure}()
#3 C:\xampp\htdocs\wcs.pns.id\vendor\codeigniter4\framework\system\Common.php(1089): CodeIgniter\View\View->render('dashboard', Array, true)
#4 C:\xampp\htdocs\wcs.pns.id\app\Controllers\Home.php(128): view('dashboard', Array)
#5 C:\xampp\htdocs\wcs.pns.id\vendor\codeigniter4\framework\system\CodeIgniter.php(832): App\Controllers\Home->dashboard()
#6 C:\xampp\htdocs\wcs.pns.id\vendor\codeigniter4\framework\system\CodeIgniter.php(419): CodeIgniter\CodeIgniter->runController(Object(App\Controllers\Home))
#7 C:\xampp\htdocs\wcs.pns.id\vendor\codeigniter4\framework\system\CodeIgniter.php(326): CodeIgniter\CodeIgniter->handleRequest(NULL, Object(Config\Cache), false)
#8 C:\xampp\htdocs\wcs.pns.id\index.php(37): CodeIgniter\CodeIgniter->run()
#9 {main}
CRITICAL - 2023-01-27 14:23:59 --> Division by zero
#0 C:\xampp\htdocs\wcs.pns.id\app\Views\dashboard.php(34): CodeIgniter\Debug\Exceptions->errorHandler(2, 'Division by zer...', 'C:\\xampp\\htdocs...', 34, Array)
#1 C:\xampp\htdocs\wcs.pns.id\vendor\codeigniter4\framework\system\View\View.php(210): include('C:\\xampp\\htdocs...')
#2 C:\xampp\htdocs\wcs.pns.id\vendor\codeigniter4\framework\system\View\View.php(213): CodeIgniter\View\View->CodeIgniter\View\{closure}()
#3 C:\xampp\htdocs\wcs.pns.id\vendor\codeigniter4\framework\system\Common.php(1089): CodeIgniter\View\View->render('dashboard', Array, true)
#4 C:\xampp\htdocs\wcs.pns.id\app\Controllers\Home.php(128): view('dashboard', Array)
#5 C:\xampp\htdocs\wcs.pns.id\vendor\codeigniter4\framework\system\CodeIgniter.php(832): App\Controllers\Home->dashboard()
#6 C:\xampp\htdocs\wcs.pns.id\vendor\codeigniter4\framework\system\CodeIgniter.php(419): CodeIgniter\CodeIgniter->runController(Object(App\Controllers\Home))
#7 C:\xampp\htdocs\wcs.pns.id\vendor\codeigniter4\framework\system\CodeIgniter.php(326): CodeIgniter\CodeIgniter->handleRequest(NULL, Object(Config\Cache), false)
#8 C:\xampp\htdocs\wcs.pns.id\index.php(37): CodeIgniter\CodeIgniter->run()
#9 {main}
CRITICAL - 2023-01-27 14:24:10 --> Division by zero
#0 C:\xampp\htdocs\wcs.pns.id\app\Views\dashboard.php(34): CodeIgniter\Debug\Exceptions->errorHandler(2, 'Division by zer...', 'C:\\xampp\\htdocs...', 34, Array)
#1 C:\xampp\htdocs\wcs.pns.id\vendor\codeigniter4\framework\system\View\View.php(210): include('C:\\xampp\\htdocs...')
#2 C:\xampp\htdocs\wcs.pns.id\vendor\codeigniter4\framework\system\View\View.php(213): CodeIgniter\View\View->CodeIgniter\View\{closure}()
#3 C:\xampp\htdocs\wcs.pns.id\vendor\codeigniter4\framework\system\Common.php(1089): CodeIgniter\View\View->render('dashboard', Array, true)
#4 C:\xampp\htdocs\wcs.pns.id\app\Controllers\Home.php(128): view('dashboard', Array)
#5 C:\xampp\htdocs\wcs.pns.id\vendor\codeigniter4\framework\system\CodeIgniter.php(832): App\Controllers\Home->dashboard()
#6 C:\xampp\htdocs\wcs.pns.id\vendor\codeigniter4\framework\system\CodeIgniter.php(419): CodeIgniter\CodeIgniter->runController(Object(App\Controllers\Home))
#7 C:\xampp\htdocs\wcs.pns.id\vendor\codeigniter4\framework\system\CodeIgniter.php(326): CodeIgniter\CodeIgniter->handleRequest(NULL, Object(Config\Cache), false)
#8 C:\xampp\htdocs\wcs.pns.id\index.php(37): CodeIgniter\CodeIgniter->run()
#9 {main}
