CRITICAL - 2023-01-12 10:32:48 --> Undefined offset: -1
#0 C:\xampp\htdocs\wcs.pns.id\app\Controllers\Home.php(135): CodeIgniter\Debug\Exceptions->errorHandler(8, 'Undefined offse...', 'C:\\xampp\\htdocs...', 135, Array)
#1 C:\xampp\htdocs\wcs.pns.id\vendor\codeigniter4\framework\system\CodeIgniter.php(832): App\Controllers\Home->serialData()
#2 C:\xampp\htdocs\wcs.pns.id\vendor\codeigniter4\framework\system\CodeIgniter.php(419): CodeIgniter\CodeIgniter->runController(Object(App\Controllers\Home))
#3 C:\xampp\htdocs\wcs.pns.id\vendor\codeigniter4\framework\system\CodeIgniter.php(326): CodeIgniter\CodeIgniter->handleRequest(NULL, Object(Config\Cache), false)
#4 C:\xampp\htdocs\wcs.pns.id\index.php(37): CodeIgniter\CodeIgniter->run()
#5 {main}
CRITICAL - 2023-01-12 10:34:33 --> Undefined offset: -1
#0 C:\xampp\htdocs\wcs.pns.id\app\Controllers\Home.php(135): CodeIgniter\Debug\Exceptions->errorHandler(8, 'Undefined offse...', 'C:\\xampp\\htdocs...', 135, Array)
#1 C:\xampp\htdocs\wcs.pns.id\vendor\codeigniter4\framework\system\CodeIgniter.php(832): App\Controllers\Home->serialData()
#2 C:\xampp\htdocs\wcs.pns.id\vendor\codeigniter4\framework\system\CodeIgniter.php(419): CodeIgniter\CodeIgniter->runController(Object(App\Controllers\Home))
#3 C:\xampp\htdocs\wcs.pns.id\vendor\codeigniter4\framework\system\CodeIgniter.php(326): CodeIgniter\CodeIgniter->handleRequest(NULL, Object(Config\Cache), false)
#4 C:\xampp\htdocs\wcs.pns.id\index.php(37): CodeIgniter\CodeIgniter->run()
#5 {main}
CRITICAL - 2023-01-12 10:34:34 --> Undefined offset: -1
#0 C:\xampp\htdocs\wcs.pns.id\app\Controllers\Home.php(135): CodeIgniter\Debug\Exceptions->errorHandler(8, 'Undefined offse...', 'C:\\xampp\\htdocs...', 135, Array)
#1 C:\xampp\htdocs\wcs.pns.id\vendor\codeigniter4\framework\system\CodeIgniter.php(832): App\Controllers\Home->serialData()
#2 C:\xampp\htdocs\wcs.pns.id\vendor\codeigniter4\framework\system\CodeIgniter.php(419): CodeIgniter\CodeIgniter->runController(Object(App\Controllers\Home))
#3 C:\xampp\htdocs\wcs.pns.id\vendor\codeigniter4\framework\system\CodeIgniter.php(326): CodeIgniter\CodeIgniter->handleRequest(NULL, Object(Config\Cache), false)
#4 C:\xampp\htdocs\wcs.pns.id\index.php(37): CodeIgniter\CodeIgniter->run()
#5 {main}
CRITICAL - 2023-01-12 10:34:38 --> Undefined offset: -1
#0 C:\xampp\htdocs\wcs.pns.id\app\Controllers\Home.php(135): CodeIgniter\Debug\Exceptions->errorHandler(8, 'Undefined offse...', 'C:\\xampp\\htdocs...', 135, Array)
#1 C:\xampp\htdocs\wcs.pns.id\vendor\codeigniter4\framework\system\CodeIgniter.php(832): App\Controllers\Home->serialData()
#2 C:\xampp\htdocs\wcs.pns.id\vendor\codeigniter4\framework\system\CodeIgniter.php(419): CodeIgniter\CodeIgniter->runController(Object(App\Controllers\Home))
#3 C:\xampp\htdocs\wcs.pns.id\vendor\codeigniter4\framework\system\CodeIgniter.php(326): CodeIgniter\CodeIgniter->handleRequest(NULL, Object(Config\Cache), false)
#4 C:\xampp\htdocs\wcs.pns.id\index.php(37): CodeIgniter\CodeIgniter->run()
#5 {main}
CRITICAL - 2023-01-12 10:34:39 --> Undefined offset: -1
#0 C:\xampp\htdocs\wcs.pns.id\app\Controllers\Home.php(135): CodeIgniter\Debug\Exceptions->errorHandler(8, 'Undefined offse...', 'C:\\xampp\\htdocs...', 135, Array)
#1 C:\xampp\htdocs\wcs.pns.id\vendor\codeigniter4\framework\system\CodeIgniter.php(832): App\Controllers\Home->serialData()
#2 C:\xampp\htdocs\wcs.pns.id\vendor\codeigniter4\framework\system\CodeIgniter.php(419): CodeIgniter\CodeIgniter->runController(Object(App\Controllers\Home))
#3 C:\xampp\htdocs\wcs.pns.id\vendor\codeigniter4\framework\system\CodeIgniter.php(326): CodeIgniter\CodeIgniter->handleRequest(NULL, Object(Config\Cache), false)
#4 C:\xampp\htdocs\wcs.pns.id\index.php(37): CodeIgniter\CodeIgniter->run()
#5 {main}
CRITICAL - 2023-01-12 10:36:00 --> Undefined offset: -1
#0 C:\xampp\htdocs\wcs.pns.id\app\Controllers\Home.php(135): CodeIgniter\Debug\Exceptions->errorHandler(8, 'Undefined offse...', 'C:\\xampp\\htdocs...', 135, Array)
#1 C:\xampp\htdocs\wcs.pns.id\vendor\codeigniter4\framework\system\CodeIgniter.php(832): App\Controllers\Home->serialData()
#2 C:\xampp\htdocs\wcs.pns.id\vendor\codeigniter4\framework\system\CodeIgniter.php(419): CodeIgniter\CodeIgniter->runController(Object(App\Controllers\Home))
#3 C:\xampp\htdocs\wcs.pns.id\vendor\codeigniter4\framework\system\CodeIgniter.php(326): CodeIgniter\CodeIgniter->handleRequest(NULL, Object(Config\Cache), false)
#4 C:\xampp\htdocs\wcs.pns.id\index.php(37): CodeIgniter\CodeIgniter->run()
#5 {main}
CRITICAL - 2023-01-12 10:36:06 --> Undefined offset: -1
#0 C:\xampp\htdocs\wcs.pns.id\app\Controllers\Home.php(135): CodeIgniter\Debug\Exceptions->errorHandler(8, 'Undefined offse...', 'C:\\xampp\\htdocs...', 135, Array)
#1 C:\xampp\htdocs\wcs.pns.id\vendor\codeigniter4\framework\system\CodeIgniter.php(832): App\Controllers\Home->serialData()
#2 C:\xampp\htdocs\wcs.pns.id\vendor\codeigniter4\framework\system\CodeIgniter.php(419): CodeIgniter\CodeIgniter->runController(Object(App\Controllers\Home))
#3 C:\xampp\htdocs\wcs.pns.id\vendor\codeigniter4\framework\system\CodeIgniter.php(326): CodeIgniter\CodeIgniter->handleRequest(NULL, Object(Config\Cache), false)
#4 C:\xampp\htdocs\wcs.pns.id\index.php(37): CodeIgniter\CodeIgniter->run()
#5 {main}
CRITICAL - 2023-01-12 10:57:13 --> Undefined offset: -1
#0 C:\xampp\htdocs\wcs.pns.id\app\Controllers\Home.php(135): CodeIgniter\Debug\Exceptions->errorHandler(8, 'Undefined offse...', 'C:\\xampp\\htdocs...', 135, Array)
#1 C:\xampp\htdocs\wcs.pns.id\vendor\codeigniter4\framework\system\CodeIgniter.php(832): App\Controllers\Home->serialData()
#2 C:\xampp\htdocs\wcs.pns.id\vendor\codeigniter4\framework\system\CodeIgniter.php(419): CodeIgniter\CodeIgniter->runController(Object(App\Controllers\Home))
#3 C:\xampp\htdocs\wcs.pns.id\vendor\codeigniter4\framework\system\CodeIgniter.php(326): CodeIgniter\CodeIgniter->handleRequest(NULL, Object(Config\Cache), false)
#4 C:\xampp\htdocs\wcs.pns.id\index.php(37): CodeIgniter\CodeIgniter->run()
#5 {main}
CRITICAL - 2023-01-12 11:01:15 --> Undefined offset: -1
#0 C:\xampp\htdocs\wcs.pns.id\app\Controllers\Home.php(135): CodeIgniter\Debug\Exceptions->errorHandler(8, 'Undefined offse...', 'C:\\xampp\\htdocs...', 135, Array)
#1 C:\xampp\htdocs\wcs.pns.id\vendor\codeigniter4\framework\system\CodeIgniter.php(832): App\Controllers\Home->serialData()
#2 C:\xampp\htdocs\wcs.pns.id\vendor\codeigniter4\framework\system\CodeIgniter.php(419): CodeIgniter\CodeIgniter->runController(Object(App\Controllers\Home))
#3 C:\xampp\htdocs\wcs.pns.id\vendor\codeigniter4\framework\system\CodeIgniter.php(326): CodeIgniter\CodeIgniter->handleRequest(NULL, Object(Config\Cache), false)
#4 C:\xampp\htdocs\wcs.pns.id\index.php(37): CodeIgniter\CodeIgniter->run()
#5 {main}
CRITICAL - 2023-01-12 11:01:16 --> Undefined offset: -1
#0 C:\xampp\htdocs\wcs.pns.id\app\Controllers\Home.php(135): CodeIgniter\Debug\Exceptions->errorHandler(8, 'Undefined offse...', 'C:\\xampp\\htdocs...', 135, Array)
#1 C:\xampp\htdocs\wcs.pns.id\vendor\codeigniter4\framework\system\CodeIgniter.php(832): App\Controllers\Home->serialData()
#2 C:\xampp\htdocs\wcs.pns.id\vendor\codeigniter4\framework\system\CodeIgniter.php(419): CodeIgniter\CodeIgniter->runController(Object(App\Controllers\Home))
#3 C:\xampp\htdocs\wcs.pns.id\vendor\codeigniter4\framework\system\CodeIgniter.php(326): CodeIgniter\CodeIgniter->handleRequest(NULL, Object(Config\Cache), false)
#4 C:\xampp\htdocs\wcs.pns.id\index.php(37): CodeIgniter\CodeIgniter->run()
#5 {main}
CRITICAL - 2023-01-12 11:01:17 --> Undefined offset: -1
#0 C:\xampp\htdocs\wcs.pns.id\app\Controllers\Home.php(135): CodeIgniter\Debug\Exceptions->errorHandler(8, 'Undefined offse...', 'C:\\xampp\\htdocs...', 135, Array)
#1 C:\xampp\htdocs\wcs.pns.id\vendor\codeigniter4\framework\system\CodeIgniter.php(832): App\Controllers\Home->serialData()
#2 C:\xampp\htdocs\wcs.pns.id\vendor\codeigniter4\framework\system\CodeIgniter.php(419): CodeIgniter\CodeIgniter->runController(Object(App\Controllers\Home))
#3 C:\xampp\htdocs\wcs.pns.id\vendor\codeigniter4\framework\system\CodeIgniter.php(326): CodeIgniter\CodeIgniter->handleRequest(NULL, Object(Config\Cache), false)
#4 C:\xampp\htdocs\wcs.pns.id\index.php(37): CodeIgniter\CodeIgniter->run()
#5 {main}
CRITICAL - 2023-01-12 11:01:20 --> Undefined offset: -1
#0 C:\xampp\htdocs\wcs.pns.id\app\Controllers\Home.php(135): CodeIgniter\Debug\Exceptions->errorHandler(8, 'Undefined offse...', 'C:\\xampp\\htdocs...', 135, Array)
#1 C:\xampp\htdocs\wcs.pns.id\vendor\codeigniter4\framework\system\CodeIgniter.php(832): App\Controllers\Home->serialData()
#2 C:\xampp\htdocs\wcs.pns.id\vendor\codeigniter4\framework\system\CodeIgniter.php(419): CodeIgniter\CodeIgniter->runController(Object(App\Controllers\Home))
#3 C:\xampp\htdocs\wcs.pns.id\vendor\codeigniter4\framework\system\CodeIgniter.php(326): CodeIgniter\CodeIgniter->handleRequest(NULL, Object(Config\Cache), false)
#4 C:\xampp\htdocs\wcs.pns.id\index.php(37): CodeIgniter\CodeIgniter->run()
#5 {main}
CRITICAL - 2023-01-12 11:01:23 --> Undefined offset: -1
#0 C:\xampp\htdocs\wcs.pns.id\app\Controllers\Home.php(135): CodeIgniter\Debug\Exceptions->errorHandler(8, 'Undefined offse...', 'C:\\xampp\\htdocs...', 135, Array)
#1 C:\xampp\htdocs\wcs.pns.id\vendor\codeigniter4\framework\system\CodeIgniter.php(832): App\Controllers\Home->serialData()
#2 C:\xampp\htdocs\wcs.pns.id\vendor\codeigniter4\framework\system\CodeIgniter.php(419): CodeIgniter\CodeIgniter->runController(Object(App\Controllers\Home))
#3 C:\xampp\htdocs\wcs.pns.id\vendor\codeigniter4\framework\system\CodeIgniter.php(326): CodeIgniter\CodeIgniter->handleRequest(NULL, Object(Config\Cache), false)
#4 C:\xampp\htdocs\wcs.pns.id\index.php(37): CodeIgniter\CodeIgniter->run()
#5 {main}
CRITICAL - 2023-01-12 11:01:56 --> Undefined offset: -1
#0 C:\xampp\htdocs\wcs.pns.id\app\Controllers\Home.php(135): CodeIgniter\Debug\Exceptions->errorHandler(8, 'Undefined offse...', 'C:\\xampp\\htdocs...', 135, Array)
#1 C:\xampp\htdocs\wcs.pns.id\vendor\codeigniter4\framework\system\CodeIgniter.php(832): App\Controllers\Home->serialData()
#2 C:\xampp\htdocs\wcs.pns.id\vendor\codeigniter4\framework\system\CodeIgniter.php(419): CodeIgniter\CodeIgniter->runController(Object(App\Controllers\Home))
#3 C:\xampp\htdocs\wcs.pns.id\vendor\codeigniter4\framework\system\CodeIgniter.php(326): CodeIgniter\CodeIgniter->handleRequest(NULL, Object(Config\Cache), false)
#4 C:\xampp\htdocs\wcs.pns.id\index.php(37): CodeIgniter\CodeIgniter->run()
#5 {main}
ERROR - 2023-01-12 16:35:00 --> Duplicate entry 'HL/388BE9/100123095828' for key 'no_transaksi'
CRITICAL - 2023-01-12 16:35:00 --> Duplicate entry 'HL/388BE9/100123095828' for key 'no_transaksi'
#0 C:\xampp\htdocs\wcs.pns.id\vendor\codeigniter4\framework\system\Database\MySQLi\Connection.php(292): mysqli->query('INSERT INTO `tb...', 0)
#1 C:\xampp\htdocs\wcs.pns.id\vendor\codeigniter4\framework\system\Database\BaseConnection.php(670): CodeIgniter\Database\MySQLi\Connection->execute('INSERT INTO `tb...')
#2 C:\xampp\htdocs\wcs.pns.id\vendor\codeigniter4\framework\system\Database\BaseConnection.php(598): CodeIgniter\Database\BaseConnection->simpleQuery('INSERT INTO `tb...')
#3 C:\xampp\htdocs\wcs.pns.id\vendor\codeigniter4\framework\system\Database\BaseBuilder.php(1771): CodeIgniter\Database\BaseConnection->query('INSERT INTO `tb...', Array, false)
#4 C:\xampp\htdocs\wcs.pns.id\app\Models\Home_model.php(47): CodeIgniter\Database\BaseBuilder->insert(Array)
#5 C:\xampp\htdocs\wcs.pns.id\app\Controllers\Home.php(235): App\Models\Home_model->dataInsert('tbl_weight_scal...', Array)
#6 C:\xampp\htdocs\wcs.pns.id\vendor\codeigniter4\framework\system\CodeIgniter.php(832): App\Controllers\Home->saveTruckIn()
#7 C:\xampp\htdocs\wcs.pns.id\vendor\codeigniter4\framework\system\CodeIgniter.php(419): CodeIgniter\CodeIgniter->runController(Object(App\Controllers\Home))
#8 C:\xampp\htdocs\wcs.pns.id\vendor\codeigniter4\framework\system\CodeIgniter.php(326): CodeIgniter\CodeIgniter->handleRequest(NULL, Object(Config\Cache), false)
#9 C:\xampp\htdocs\wcs.pns.id\index.php(37): CodeIgniter\CodeIgniter->run()
#10 {main}
