CRITICAL - 2023-01-11 09:33:55 --> Undefined offset: -1
#0 C:\xampp\htdocs\wcs.pns.id\app\Controllers\Home.php(130): CodeIgniter\Debug\Exceptions->errorHandler(8, 'Undefined offse...', 'C:\\xampp\\htdocs...', 130, Array)
#1 C:\xampp\htdocs\wcs.pns.id\vendor\codeigniter4\framework\system\CodeIgniter.php(832): App\Controllers\Home->serialData()
#2 C:\xampp\htdocs\wcs.pns.id\vendor\codeigniter4\framework\system\CodeIgniter.php(419): CodeIgniter\CodeIgniter->runController(Object(App\Controllers\Home))
#3 C:\xampp\htdocs\wcs.pns.id\vendor\codeigniter4\framework\system\CodeIgniter.php(326): CodeIgniter\CodeIgniter->handleRequest(NULL, Object(Config\Cache), false)
#4 C:\xampp\htdocs\wcs.pns.id\index.php(37): CodeIgniter\CodeIgniter->run()
#5 {main}
CRITICAL - 2023-01-11 09:34:00 --> Undefined offset: -1
#0 C:\xampp\htdocs\wcs.pns.id\app\Controllers\Home.php(130): CodeIgniter\Debug\Exceptions->errorHandler(8, 'Undefined offse...', 'C:\\xampp\\htdocs...', 130, Array)
#1 C:\xampp\htdocs\wcs.pns.id\vendor\codeigniter4\framework\system\CodeIgniter.php(832): App\Controllers\Home->serialData()
#2 C:\xampp\htdocs\wcs.pns.id\vendor\codeigniter4\framework\system\CodeIgniter.php(419): CodeIgniter\CodeIgniter->runController(Object(App\Controllers\Home))
#3 C:\xampp\htdocs\wcs.pns.id\vendor\codeigniter4\framework\system\CodeIgniter.php(326): CodeIgniter\CodeIgniter->handleRequest(NULL, Object(Config\Cache), false)
#4 C:\xampp\htdocs\wcs.pns.id\index.php(37): CodeIgniter\CodeIgniter->run()
#5 {main}
CRITICAL - 2023-01-11 09:35:16 --> Undefined offset: -1
#0 C:\xampp\htdocs\wcs.pns.id\app\Controllers\Home.php(130): CodeIgniter\Debug\Exceptions->errorHandler(8, 'Undefined offse...', 'C:\\xampp\\htdocs...', 130, Array)
#1 C:\xampp\htdocs\wcs.pns.id\vendor\codeigniter4\framework\system\CodeIgniter.php(832): App\Controllers\Home->serialData()
#2 C:\xampp\htdocs\wcs.pns.id\vendor\codeigniter4\framework\system\CodeIgniter.php(419): CodeIgniter\CodeIgniter->runController(Object(App\Controllers\Home))
#3 C:\xampp\htdocs\wcs.pns.id\vendor\codeigniter4\framework\system\CodeIgniter.php(326): CodeIgniter\CodeIgniter->handleRequest(NULL, Object(Config\Cache), false)
#4 C:\xampp\htdocs\wcs.pns.id\index.php(37): CodeIgniter\CodeIgniter->run()
#5 {main}
CRITICAL - 2023-01-11 09:35:19 --> Undefined offset: -1
#0 C:\xampp\htdocs\wcs.pns.id\app\Controllers\Home.php(130): CodeIgniter\Debug\Exceptions->errorHandler(8, 'Undefined offse...', 'C:\\xampp\\htdocs...', 130, Array)
#1 C:\xampp\htdocs\wcs.pns.id\vendor\codeigniter4\framework\system\CodeIgniter.php(832): App\Controllers\Home->serialData()
#2 C:\xampp\htdocs\wcs.pns.id\vendor\codeigniter4\framework\system\CodeIgniter.php(419): CodeIgniter\CodeIgniter->runController(Object(App\Controllers\Home))
#3 C:\xampp\htdocs\wcs.pns.id\vendor\codeigniter4\framework\system\CodeIgniter.php(326): CodeIgniter\CodeIgniter->handleRequest(NULL, Object(Config\Cache), false)
#4 C:\xampp\htdocs\wcs.pns.id\index.php(37): CodeIgniter\CodeIgniter->run()
#5 {main}
CRITICAL - 2023-01-11 09:37:26 --> Undefined offset: -1
#0 C:\xampp\htdocs\wcs.pns.id\app\Controllers\Home.php(130): CodeIgniter\Debug\Exceptions->errorHandler(8, 'Undefined offse...', 'C:\\xampp\\htdocs...', 130, Array)
#1 C:\xampp\htdocs\wcs.pns.id\vendor\codeigniter4\framework\system\CodeIgniter.php(832): App\Controllers\Home->serialData()
#2 C:\xampp\htdocs\wcs.pns.id\vendor\codeigniter4\framework\system\CodeIgniter.php(419): CodeIgniter\CodeIgniter->runController(Object(App\Controllers\Home))
#3 C:\xampp\htdocs\wcs.pns.id\vendor\codeigniter4\framework\system\CodeIgniter.php(326): CodeIgniter\CodeIgniter->handleRequest(NULL, Object(Config\Cache), false)
#4 C:\xampp\htdocs\wcs.pns.id\index.php(37): CodeIgniter\CodeIgniter->run()
#5 {main}
CRITICAL - 2023-01-11 09:45:36 --> date_format() expects parameter 1 to be DateTimeInterface, string given
#0 [internal function]: CodeIgniter\Debug\Exceptions->errorHandler(2, 'date_format() e...', 'C:\\xampp\\htdocs...', 177, Array)
#1 C:\xampp\htdocs\wcs.pns.id\app\Controllers\Home.php(177): date_format('06/01/2023', 'Y-m-d')
#2 C:\xampp\htdocs\wcs.pns.id\vendor\codeigniter4\framework\system\CodeIgniter.php(832): App\Controllers\Home->saveTruckIn()
#3 C:\xampp\htdocs\wcs.pns.id\vendor\codeigniter4\framework\system\CodeIgniter.php(419): CodeIgniter\CodeIgniter->runController(Object(App\Controllers\Home))
#4 C:\xampp\htdocs\wcs.pns.id\vendor\codeigniter4\framework\system\CodeIgniter.php(326): CodeIgniter\CodeIgniter->handleRequest(NULL, Object(Config\Cache), false)
#5 C:\xampp\htdocs\wcs.pns.id\index.php(37): CodeIgniter\CodeIgniter->run()
#6 {main}
CRITICAL - 2023-01-11 09:46:44 --> syntax error, unexpected ']', expecting ')'
#0 C:\xampp\htdocs\wcs.pns.id\vendor\codeigniter4\framework\system\Router\Router.php(175): CodeIgniter\Router\Router->autoRoute('home/saveTruckI...')
#1 C:\xampp\htdocs\wcs.pns.id\vendor\codeigniter4\framework\system\CodeIgniter.php(726): CodeIgniter\Router\Router->handle('home/saveTruckI...')
#2 C:\xampp\htdocs\wcs.pns.id\vendor\codeigniter4\framework\system\CodeIgniter.php(368): CodeIgniter\CodeIgniter->tryToRouteIt(Object(CodeIgniter\Router\RouteCollection))
#3 C:\xampp\htdocs\wcs.pns.id\vendor\codeigniter4\framework\system\CodeIgniter.php(326): CodeIgniter\CodeIgniter->handleRequest(NULL, Object(Config\Cache), false)
#4 C:\xampp\htdocs\wcs.pns.id\index.php(37): CodeIgniter\CodeIgniter->run()
#5 {main}
CRITICAL - 2023-01-11 09:47:20 --> Undefined offset: -1
#0 C:\xampp\htdocs\wcs.pns.id\app\Controllers\Home.php(130): CodeIgniter\Debug\Exceptions->errorHandler(8, 'Undefined offse...', 'C:\\xampp\\htdocs...', 130, Array)
#1 C:\xampp\htdocs\wcs.pns.id\vendor\codeigniter4\framework\system\CodeIgniter.php(832): App\Controllers\Home->serialData()
#2 C:\xampp\htdocs\wcs.pns.id\vendor\codeigniter4\framework\system\CodeIgniter.php(419): CodeIgniter\CodeIgniter->runController(Object(App\Controllers\Home))
#3 C:\xampp\htdocs\wcs.pns.id\vendor\codeigniter4\framework\system\CodeIgniter.php(326): CodeIgniter\CodeIgniter->handleRequest(NULL, Object(Config\Cache), false)
#4 C:\xampp\htdocs\wcs.pns.id\index.php(37): CodeIgniter\CodeIgniter->run()
#5 {main}
CRITICAL - 2023-01-11 09:47:39 --> Invalid argument supplied for foreach()
#0 C:\xampp\htdocs\wcs.pns.id\app\Controllers\Home.php(140): CodeIgniter\Debug\Exceptions->errorHandler(2, 'Invalid argumen...', 'C:\\xampp\\htdocs...', 140, Array)
#1 C:\xampp\htdocs\wcs.pns.id\vendor\codeigniter4\framework\system\CodeIgniter.php(832): App\Controllers\Home->serialData()
#2 C:\xampp\htdocs\wcs.pns.id\vendor\codeigniter4\framework\system\CodeIgniter.php(419): CodeIgniter\CodeIgniter->runController(Object(App\Controllers\Home))
#3 C:\xampp\htdocs\wcs.pns.id\vendor\codeigniter4\framework\system\CodeIgniter.php(326): CodeIgniter\CodeIgniter->handleRequest(NULL, Object(Config\Cache), false)
#4 C:\xampp\htdocs\wcs.pns.id\index.php(37): CodeIgniter\CodeIgniter->run()
#5 {main}
CRITICAL - 2023-01-11 09:48:01 --> date_format() expects parameter 1 to be DateTimeInterface, string given
#0 [internal function]: CodeIgniter\Debug\Exceptions->errorHandler(2, 'date_format() e...', 'C:\\xampp\\htdocs...', 208, Array)
#1 C:\xampp\htdocs\wcs.pns.id\app\Controllers\Home.php(208): date_format('01/06/2023', 'Y-m-d')
#2 C:\xampp\htdocs\wcs.pns.id\vendor\codeigniter4\framework\system\CodeIgniter.php(832): App\Controllers\Home->saveTruckIn()
#3 C:\xampp\htdocs\wcs.pns.id\vendor\codeigniter4\framework\system\CodeIgniter.php(419): CodeIgniter\CodeIgniter->runController(Object(App\Controllers\Home))
#4 C:\xampp\htdocs\wcs.pns.id\vendor\codeigniter4\framework\system\CodeIgniter.php(326): CodeIgniter\CodeIgniter->handleRequest(NULL, Object(Config\Cache), false)
#5 C:\xampp\htdocs\wcs.pns.id\index.php(37): CodeIgniter\CodeIgniter->run()
#6 {main}
CRITICAL - 2023-01-11 09:48:39 --> A non well formed numeric value encountered
#0 [internal function]: CodeIgniter\Debug\Exceptions->errorHandler(8, 'A non well form...', 'C:\\xampp\\htdocs...', 208, Array)
#1 C:\xampp\htdocs\wcs.pns.id\app\Controllers\Home.php(208): date('Y-m-d', '01/06/2023')
#2 C:\xampp\htdocs\wcs.pns.id\vendor\codeigniter4\framework\system\CodeIgniter.php(832): App\Controllers\Home->saveTruckIn()
#3 C:\xampp\htdocs\wcs.pns.id\vendor\codeigniter4\framework\system\CodeIgniter.php(419): CodeIgniter\CodeIgniter->runController(Object(App\Controllers\Home))
#4 C:\xampp\htdocs\wcs.pns.id\vendor\codeigniter4\framework\system\CodeIgniter.php(326): CodeIgniter\CodeIgniter->handleRequest(NULL, Object(Config\Cache), false)
#5 C:\xampp\htdocs\wcs.pns.id\index.php(37): CodeIgniter\CodeIgniter->run()
#6 {main}
CRITICAL - 2023-01-11 09:57:23 --> Undefined offset: 2
#0 C:\xampp\htdocs\wcs.pns.id\app\Controllers\Home.php(167): CodeIgniter\Debug\Exceptions->errorHandler(8, 'Undefined offse...', 'C:\\xampp\\htdocs...', 167, Array)
#1 C:\xampp\htdocs\wcs.pns.id\vendor\codeigniter4\framework\system\CodeIgniter.php(832): App\Controllers\Home->serialData()
#2 C:\xampp\htdocs\wcs.pns.id\vendor\codeigniter4\framework\system\CodeIgniter.php(419): CodeIgniter\CodeIgniter->runController(Object(App\Controllers\Home))
#3 C:\xampp\htdocs\wcs.pns.id\vendor\codeigniter4\framework\system\CodeIgniter.php(326): CodeIgniter\CodeIgniter->handleRequest(NULL, Object(Config\Cache), false)
#4 C:\xampp\htdocs\wcs.pns.id\index.php(37): CodeIgniter\CodeIgniter->run()
#5 {main}
ERROR - 2023-01-11 09:59:38 --> Duplicate entry 'DH/52E32E/060123145631' for key 'no_transaksi'
CRITICAL - 2023-01-11 09:59:38 --> Duplicate entry 'DH/52E32E/060123145631' for key 'no_transaksi'
#0 C:\xampp\htdocs\wcs.pns.id\vendor\codeigniter4\framework\system\Database\MySQLi\Connection.php(292): mysqli->query('INSERT INTO `tb...', 0)
#1 C:\xampp\htdocs\wcs.pns.id\vendor\codeigniter4\framework\system\Database\BaseConnection.php(670): CodeIgniter\Database\MySQLi\Connection->execute('INSERT INTO `tb...')
#2 C:\xampp\htdocs\wcs.pns.id\vendor\codeigniter4\framework\system\Database\BaseConnection.php(598): CodeIgniter\Database\BaseConnection->simpleQuery('INSERT INTO `tb...')
#3 C:\xampp\htdocs\wcs.pns.id\vendor\codeigniter4\framework\system\Database\BaseBuilder.php(1771): CodeIgniter\Database\BaseConnection->query('INSERT INTO `tb...', Array, false)
#4 C:\xampp\htdocs\wcs.pns.id\app\Models\Home_model.php(47): CodeIgniter\Database\BaseBuilder->insert(Array)
#5 C:\xampp\htdocs\wcs.pns.id\app\Controllers\Home.php(217): App\Models\Home_model->dataInsert('tbl_weight_scal...', Array)
#6 C:\xampp\htdocs\wcs.pns.id\vendor\codeigniter4\framework\system\CodeIgniter.php(832): App\Controllers\Home->saveTruckIn()
#7 C:\xampp\htdocs\wcs.pns.id\vendor\codeigniter4\framework\system\CodeIgniter.php(419): CodeIgniter\CodeIgniter->runController(Object(App\Controllers\Home))
#8 C:\xampp\htdocs\wcs.pns.id\vendor\codeigniter4\framework\system\CodeIgniter.php(326): CodeIgniter\CodeIgniter->handleRequest(NULL, Object(Config\Cache), false)
#9 C:\xampp\htdocs\wcs.pns.id\index.php(37): CodeIgniter\CodeIgniter->run()
#10 {main}
CRITICAL - 2023-01-11 10:06:05 --> Undefined offset: -1
#0 C:\xampp\htdocs\wcs.pns.id\app\Controllers\Home.php(132): CodeIgniter\Debug\Exceptions->errorHandler(8, 'Undefined offse...', 'C:\\xampp\\htdocs...', 132, Array)
#1 C:\xampp\htdocs\wcs.pns.id\vendor\codeigniter4\framework\system\CodeIgniter.php(832): App\Controllers\Home->serialData()
#2 C:\xampp\htdocs\wcs.pns.id\vendor\codeigniter4\framework\system\CodeIgniter.php(419): CodeIgniter\CodeIgniter->runController(Object(App\Controllers\Home))
#3 C:\xampp\htdocs\wcs.pns.id\vendor\codeigniter4\framework\system\CodeIgniter.php(326): CodeIgniter\CodeIgniter->handleRequest(NULL, Object(Config\Cache), false)
#4 C:\xampp\htdocs\wcs.pns.id\index.php(37): CodeIgniter\CodeIgniter->run()
#5 {main}
CRITICAL - 2023-01-11 14:29:28 --> Invalid argument supplied for foreach()
#0 C:\xampp\htdocs\wcs.pns.id\app\Controllers\Home.php(145): CodeIgniter\Debug\Exceptions->errorHandler(2, 'Invalid argumen...', 'C:\\xampp\\htdocs...', 145, Array)
#1 C:\xampp\htdocs\wcs.pns.id\vendor\codeigniter4\framework\system\CodeIgniter.php(832): App\Controllers\Home->serialData()
#2 C:\xampp\htdocs\wcs.pns.id\vendor\codeigniter4\framework\system\CodeIgniter.php(419): CodeIgniter\CodeIgniter->runController(Object(App\Controllers\Home))
#3 C:\xampp\htdocs\wcs.pns.id\vendor\codeigniter4\framework\system\CodeIgniter.php(326): CodeIgniter\CodeIgniter->handleRequest(NULL, Object(Config\Cache), false)
#4 C:\xampp\htdocs\wcs.pns.id\index.php(37): CodeIgniter\CodeIgniter->run()
#5 {main}
CRITICAL - 2023-01-11 15:06:17 --> Invalid argument supplied for foreach()
#0 C:\xampp\htdocs\wcs.pns.id\app\Controllers\Home.php(145): CodeIgniter\Debug\Exceptions->errorHandler(2, 'Invalid argumen...', 'C:\\xampp\\htdocs...', 145, Array)
#1 C:\xampp\htdocs\wcs.pns.id\vendor\codeigniter4\framework\system\CodeIgniter.php(832): App\Controllers\Home->serialData()
#2 C:\xampp\htdocs\wcs.pns.id\vendor\codeigniter4\framework\system\CodeIgniter.php(419): CodeIgniter\CodeIgniter->runController(Object(App\Controllers\Home))
#3 C:\xampp\htdocs\wcs.pns.id\vendor\codeigniter4\framework\system\CodeIgniter.php(326): CodeIgniter\CodeIgniter->handleRequest(NULL, Object(Config\Cache), false)
#4 C:\xampp\htdocs\wcs.pns.id\index.php(37): CodeIgniter\CodeIgniter->run()
#5 {main}
CRITICAL - 2023-01-11 15:06:21 --> Invalid argument supplied for foreach()
#0 C:\xampp\htdocs\wcs.pns.id\app\Controllers\Home.php(145): CodeIgniter\Debug\Exceptions->errorHandler(2, 'Invalid argumen...', 'C:\\xampp\\htdocs...', 145, Array)
#1 C:\xampp\htdocs\wcs.pns.id\vendor\codeigniter4\framework\system\CodeIgniter.php(832): App\Controllers\Home->serialData()
#2 C:\xampp\htdocs\wcs.pns.id\vendor\codeigniter4\framework\system\CodeIgniter.php(419): CodeIgniter\CodeIgniter->runController(Object(App\Controllers\Home))
#3 C:\xampp\htdocs\wcs.pns.id\vendor\codeigniter4\framework\system\CodeIgniter.php(326): CodeIgniter\CodeIgniter->handleRequest(NULL, Object(Config\Cache), false)
#4 C:\xampp\htdocs\wcs.pns.id\index.php(37): CodeIgniter\CodeIgniter->run()
#5 {main}
CRITICAL - 2023-01-11 15:06:24 --> Invalid argument supplied for foreach()
#0 C:\xampp\htdocs\wcs.pns.id\app\Controllers\Home.php(145): CodeIgniter\Debug\Exceptions->errorHandler(2, 'Invalid argumen...', 'C:\\xampp\\htdocs...', 145, Array)
#1 C:\xampp\htdocs\wcs.pns.id\vendor\codeigniter4\framework\system\CodeIgniter.php(832): App\Controllers\Home->serialData()
#2 C:\xampp\htdocs\wcs.pns.id\vendor\codeigniter4\framework\system\CodeIgniter.php(419): CodeIgniter\CodeIgniter->runController(Object(App\Controllers\Home))
#3 C:\xampp\htdocs\wcs.pns.id\vendor\codeigniter4\framework\system\CodeIgniter.php(326): CodeIgniter\CodeIgniter->handleRequest(NULL, Object(Config\Cache), false)
#4 C:\xampp\htdocs\wcs.pns.id\index.php(37): CodeIgniter\CodeIgniter->run()
#5 {main}
CRITICAL - 2023-01-11 15:06:43 --> Invalid argument supplied for foreach()
#0 C:\xampp\htdocs\wcs.pns.id\app\Controllers\Home.php(145): CodeIgniter\Debug\Exceptions->errorHandler(2, 'Invalid argumen...', 'C:\\xampp\\htdocs...', 145, Array)
#1 C:\xampp\htdocs\wcs.pns.id\vendor\codeigniter4\framework\system\CodeIgniter.php(832): App\Controllers\Home->serialData()
#2 C:\xampp\htdocs\wcs.pns.id\vendor\codeigniter4\framework\system\CodeIgniter.php(419): CodeIgniter\CodeIgniter->runController(Object(App\Controllers\Home))
#3 C:\xampp\htdocs\wcs.pns.id\vendor\codeigniter4\framework\system\CodeIgniter.php(326): CodeIgniter\CodeIgniter->handleRequest(NULL, Object(Config\Cache), false)
#4 C:\xampp\htdocs\wcs.pns.id\index.php(37): CodeIgniter\CodeIgniter->run()
#5 {main}
CRITICAL - 2023-01-11 15:09:04 --> Invalid argument supplied for foreach()
#0 C:\xampp\htdocs\wcs.pns.id\app\Controllers\Home.php(145): CodeIgniter\Debug\Exceptions->errorHandler(2, 'Invalid argumen...', 'C:\\xampp\\htdocs...', 145, Array)
#1 C:\xampp\htdocs\wcs.pns.id\vendor\codeigniter4\framework\system\CodeIgniter.php(832): App\Controllers\Home->serialData()
#2 C:\xampp\htdocs\wcs.pns.id\vendor\codeigniter4\framework\system\CodeIgniter.php(419): CodeIgniter\CodeIgniter->runController(Object(App\Controllers\Home))
#3 C:\xampp\htdocs\wcs.pns.id\vendor\codeigniter4\framework\system\CodeIgniter.php(326): CodeIgniter\CodeIgniter->handleRequest(NULL, Object(Config\Cache), false)
#4 C:\xampp\htdocs\wcs.pns.id\index.php(37): CodeIgniter\CodeIgniter->run()
#5 {main}
CRITICAL - 2023-01-11 15:09:05 --> Invalid argument supplied for foreach()
#0 C:\xampp\htdocs\wcs.pns.id\app\Controllers\Home.php(145): CodeIgniter\Debug\Exceptions->errorHandler(2, 'Invalid argumen...', 'C:\\xampp\\htdocs...', 145, Array)
#1 C:\xampp\htdocs\wcs.pns.id\vendor\codeigniter4\framework\system\CodeIgniter.php(832): App\Controllers\Home->serialData()
#2 C:\xampp\htdocs\wcs.pns.id\vendor\codeigniter4\framework\system\CodeIgniter.php(419): CodeIgniter\CodeIgniter->runController(Object(App\Controllers\Home))
#3 C:\xampp\htdocs\wcs.pns.id\vendor\codeigniter4\framework\system\CodeIgniter.php(326): CodeIgniter\CodeIgniter->handleRequest(NULL, Object(Config\Cache), false)
#4 C:\xampp\htdocs\wcs.pns.id\index.php(37): CodeIgniter\CodeIgniter->run()
#5 {main}
CRITICAL - 2023-01-11 15:09:14 --> Invalid argument supplied for foreach()
#0 C:\xampp\htdocs\wcs.pns.id\app\Controllers\Home.php(145): CodeIgniter\Debug\Exceptions->errorHandler(2, 'Invalid argumen...', 'C:\\xampp\\htdocs...', 145, Array)
#1 C:\xampp\htdocs\wcs.pns.id\vendor\codeigniter4\framework\system\CodeIgniter.php(832): App\Controllers\Home->serialData()
#2 C:\xampp\htdocs\wcs.pns.id\vendor\codeigniter4\framework\system\CodeIgniter.php(419): CodeIgniter\CodeIgniter->runController(Object(App\Controllers\Home))
#3 C:\xampp\htdocs\wcs.pns.id\vendor\codeigniter4\framework\system\CodeIgniter.php(326): CodeIgniter\CodeIgniter->handleRequest(NULL, Object(Config\Cache), false)
#4 C:\xampp\htdocs\wcs.pns.id\index.php(37): CodeIgniter\CodeIgniter->run()
#5 {main}
CRITICAL - 2023-01-11 15:09:17 --> Invalid argument supplied for foreach()
#0 C:\xampp\htdocs\wcs.pns.id\app\Controllers\Home.php(145): CodeIgniter\Debug\Exceptions->errorHandler(2, 'Invalid argumen...', 'C:\\xampp\\htdocs...', 145, Array)
#1 C:\xampp\htdocs\wcs.pns.id\vendor\codeigniter4\framework\system\CodeIgniter.php(832): App\Controllers\Home->serialData()
#2 C:\xampp\htdocs\wcs.pns.id\vendor\codeigniter4\framework\system\CodeIgniter.php(419): CodeIgniter\CodeIgniter->runController(Object(App\Controllers\Home))
#3 C:\xampp\htdocs\wcs.pns.id\vendor\codeigniter4\framework\system\CodeIgniter.php(326): CodeIgniter\CodeIgniter->handleRequest(NULL, Object(Config\Cache), false)
#4 C:\xampp\htdocs\wcs.pns.id\index.php(37): CodeIgniter\CodeIgniter->run()
#5 {main}
CRITICAL - 2023-01-11 15:09:18 --> Invalid argument supplied for foreach()
#0 C:\xampp\htdocs\wcs.pns.id\app\Controllers\Home.php(145): CodeIgniter\Debug\Exceptions->errorHandler(2, 'Invalid argumen...', 'C:\\xampp\\htdocs...', 145, Array)
#1 C:\xampp\htdocs\wcs.pns.id\vendor\codeigniter4\framework\system\CodeIgniter.php(832): App\Controllers\Home->serialData()
#2 C:\xampp\htdocs\wcs.pns.id\vendor\codeigniter4\framework\system\CodeIgniter.php(419): CodeIgniter\CodeIgniter->runController(Object(App\Controllers\Home))
#3 C:\xampp\htdocs\wcs.pns.id\vendor\codeigniter4\framework\system\CodeIgniter.php(326): CodeIgniter\CodeIgniter->handleRequest(NULL, Object(Config\Cache), false)
#4 C:\xampp\htdocs\wcs.pns.id\index.php(37): CodeIgniter\CodeIgniter->run()
#5 {main}
CRITICAL - 2023-01-11 15:09:19 --> Invalid argument supplied for foreach()
#0 C:\xampp\htdocs\wcs.pns.id\app\Controllers\Home.php(145): CodeIgniter\Debug\Exceptions->errorHandler(2, 'Invalid argumen...', 'C:\\xampp\\htdocs...', 145, Array)
#1 C:\xampp\htdocs\wcs.pns.id\vendor\codeigniter4\framework\system\CodeIgniter.php(832): App\Controllers\Home->serialData()
#2 C:\xampp\htdocs\wcs.pns.id\vendor\codeigniter4\framework\system\CodeIgniter.php(419): CodeIgniter\CodeIgniter->runController(Object(App\Controllers\Home))
#3 C:\xampp\htdocs\wcs.pns.id\vendor\codeigniter4\framework\system\CodeIgniter.php(326): CodeIgniter\CodeIgniter->handleRequest(NULL, Object(Config\Cache), false)
#4 C:\xampp\htdocs\wcs.pns.id\index.php(37): CodeIgniter\CodeIgniter->run()
#5 {main}
CRITICAL - 2023-01-11 15:09:23 --> Invalid argument supplied for foreach()
#0 C:\xampp\htdocs\wcs.pns.id\app\Controllers\Home.php(145): CodeIgniter\Debug\Exceptions->errorHandler(2, 'Invalid argumen...', 'C:\\xampp\\htdocs...', 145, Array)
#1 C:\xampp\htdocs\wcs.pns.id\vendor\codeigniter4\framework\system\CodeIgniter.php(832): App\Controllers\Home->serialData()
#2 C:\xampp\htdocs\wcs.pns.id\vendor\codeigniter4\framework\system\CodeIgniter.php(419): CodeIgniter\CodeIgniter->runController(Object(App\Controllers\Home))
#3 C:\xampp\htdocs\wcs.pns.id\vendor\codeigniter4\framework\system\CodeIgniter.php(326): CodeIgniter\CodeIgniter->handleRequest(NULL, Object(Config\Cache), false)
#4 C:\xampp\htdocs\wcs.pns.id\index.php(37): CodeIgniter\CodeIgniter->run()
#5 {main}
CRITICAL - 2023-01-11 15:09:23 --> Invalid argument supplied for foreach()
#0 C:\xampp\htdocs\wcs.pns.id\app\Controllers\Home.php(145): CodeIgniter\Debug\Exceptions->errorHandler(2, 'Invalid argumen...', 'C:\\xampp\\htdocs...', 145, Array)
#1 C:\xampp\htdocs\wcs.pns.id\vendor\codeigniter4\framework\system\CodeIgniter.php(832): App\Controllers\Home->serialData()
#2 C:\xampp\htdocs\wcs.pns.id\vendor\codeigniter4\framework\system\CodeIgniter.php(419): CodeIgniter\CodeIgniter->runController(Object(App\Controllers\Home))
#3 C:\xampp\htdocs\wcs.pns.id\vendor\codeigniter4\framework\system\CodeIgniter.php(326): CodeIgniter\CodeIgniter->handleRequest(NULL, Object(Config\Cache), false)
#4 C:\xampp\htdocs\wcs.pns.id\index.php(37): CodeIgniter\CodeIgniter->run()
#5 {main}
CRITICAL - 2023-01-11 15:09:30 --> Invalid argument supplied for foreach()
#0 C:\xampp\htdocs\wcs.pns.id\app\Controllers\Home.php(145): CodeIgniter\Debug\Exceptions->errorHandler(2, 'Invalid argumen...', 'C:\\xampp\\htdocs...', 145, Array)
#1 C:\xampp\htdocs\wcs.pns.id\vendor\codeigniter4\framework\system\CodeIgniter.php(832): App\Controllers\Home->serialData()
#2 C:\xampp\htdocs\wcs.pns.id\vendor\codeigniter4\framework\system\CodeIgniter.php(419): CodeIgniter\CodeIgniter->runController(Object(App\Controllers\Home))
#3 C:\xampp\htdocs\wcs.pns.id\vendor\codeigniter4\framework\system\CodeIgniter.php(326): CodeIgniter\CodeIgniter->handleRequest(NULL, Object(Config\Cache), false)
#4 C:\xampp\htdocs\wcs.pns.id\index.php(37): CodeIgniter\CodeIgniter->run()
#5 {main}
CRITICAL - 2023-01-11 15:09:32 --> Invalid argument supplied for foreach()
#0 C:\xampp\htdocs\wcs.pns.id\app\Controllers\Home.php(145): CodeIgniter\Debug\Exceptions->errorHandler(2, 'Invalid argumen...', 'C:\\xampp\\htdocs...', 145, Array)
#1 C:\xampp\htdocs\wcs.pns.id\vendor\codeigniter4\framework\system\CodeIgniter.php(832): App\Controllers\Home->serialData()
#2 C:\xampp\htdocs\wcs.pns.id\vendor\codeigniter4\framework\system\CodeIgniter.php(419): CodeIgniter\CodeIgniter->runController(Object(App\Controllers\Home))
#3 C:\xampp\htdocs\wcs.pns.id\vendor\codeigniter4\framework\system\CodeIgniter.php(326): CodeIgniter\CodeIgniter->handleRequest(NULL, Object(Config\Cache), false)
#4 C:\xampp\htdocs\wcs.pns.id\index.php(37): CodeIgniter\CodeIgniter->run()
#5 {main}
CRITICAL - 2023-01-11 15:09:34 --> Invalid argument supplied for foreach()
#0 C:\xampp\htdocs\wcs.pns.id\app\Controllers\Home.php(145): CodeIgniter\Debug\Exceptions->errorHandler(2, 'Invalid argumen...', 'C:\\xampp\\htdocs...', 145, Array)
#1 C:\xampp\htdocs\wcs.pns.id\vendor\codeigniter4\framework\system\CodeIgniter.php(832): App\Controllers\Home->serialData()
#2 C:\xampp\htdocs\wcs.pns.id\vendor\codeigniter4\framework\system\CodeIgniter.php(419): CodeIgniter\CodeIgniter->runController(Object(App\Controllers\Home))
#3 C:\xampp\htdocs\wcs.pns.id\vendor\codeigniter4\framework\system\CodeIgniter.php(326): CodeIgniter\CodeIgniter->handleRequest(NULL, Object(Config\Cache), false)
#4 C:\xampp\htdocs\wcs.pns.id\index.php(37): CodeIgniter\CodeIgniter->run()
#5 {main}
CRITICAL - 2023-01-11 15:09:35 --> Invalid argument supplied for foreach()
#0 C:\xampp\htdocs\wcs.pns.id\app\Controllers\Home.php(145): CodeIgniter\Debug\Exceptions->errorHandler(2, 'Invalid argumen...', 'C:\\xampp\\htdocs...', 145, Array)
#1 C:\xampp\htdocs\wcs.pns.id\vendor\codeigniter4\framework\system\CodeIgniter.php(832): App\Controllers\Home->serialData()
#2 C:\xampp\htdocs\wcs.pns.id\vendor\codeigniter4\framework\system\CodeIgniter.php(419): CodeIgniter\CodeIgniter->runController(Object(App\Controllers\Home))
#3 C:\xampp\htdocs\wcs.pns.id\vendor\codeigniter4\framework\system\CodeIgniter.php(326): CodeIgniter\CodeIgniter->handleRequest(NULL, Object(Config\Cache), false)
#4 C:\xampp\htdocs\wcs.pns.id\index.php(37): CodeIgniter\CodeIgniter->run()
#5 {main}
ERROR - 2023-01-11 16:46:47 --> Duplicate entry 'DH/52E32E/060123145631' for key 'no_transaksi'
CRITICAL - 2023-01-11 16:46:47 --> Duplicate entry 'DH/52E32E/060123145631' for key 'no_transaksi'
#0 C:\xampp\htdocs\wcs.pns.id\vendor\codeigniter4\framework\system\Database\MySQLi\Connection.php(292): mysqli->query('INSERT INTO `tb...', 0)
#1 C:\xampp\htdocs\wcs.pns.id\vendor\codeigniter4\framework\system\Database\BaseConnection.php(670): CodeIgniter\Database\MySQLi\Connection->execute('INSERT INTO `tb...')
#2 C:\xampp\htdocs\wcs.pns.id\vendor\codeigniter4\framework\system\Database\BaseConnection.php(598): CodeIgniter\Database\BaseConnection->simpleQuery('INSERT INTO `tb...')
#3 C:\xampp\htdocs\wcs.pns.id\vendor\codeigniter4\framework\system\Database\BaseBuilder.php(1771): CodeIgniter\Database\BaseConnection->query('INSERT INTO `tb...', Array, false)
#4 C:\xampp\htdocs\wcs.pns.id\app\Models\Home_model.php(47): CodeIgniter\Database\BaseBuilder->insert(Array)
#5 C:\xampp\htdocs\wcs.pns.id\app\Controllers\Home.php(225): App\Models\Home_model->dataInsert('tbl_weight_scal...', Array)
#6 C:\xampp\htdocs\wcs.pns.id\vendor\codeigniter4\framework\system\CodeIgniter.php(832): App\Controllers\Home->saveTruckIn()
#7 C:\xampp\htdocs\wcs.pns.id\vendor\codeigniter4\framework\system\CodeIgniter.php(419): CodeIgniter\CodeIgniter->runController(Object(App\Controllers\Home))
#8 C:\xampp\htdocs\wcs.pns.id\vendor\codeigniter4\framework\system\CodeIgniter.php(326): CodeIgniter\CodeIgniter->handleRequest(NULL, Object(Config\Cache), false)
#9 C:\xampp\htdocs\wcs.pns.id\index.php(37): CodeIgniter\CodeIgniter->run()
#10 {main}
ERROR - 2023-01-11 16:46:53 --> Duplicate entry 'DH/52E32E/060123145631' for key 'no_transaksi'
CRITICAL - 2023-01-11 16:46:53 --> Duplicate entry 'DH/52E32E/060123145631' for key 'no_transaksi'
#0 C:\xampp\htdocs\wcs.pns.id\vendor\codeigniter4\framework\system\Database\MySQLi\Connection.php(292): mysqli->query('INSERT INTO `tb...', 0)
#1 C:\xampp\htdocs\wcs.pns.id\vendor\codeigniter4\framework\system\Database\BaseConnection.php(670): CodeIgniter\Database\MySQLi\Connection->execute('INSERT INTO `tb...')
#2 C:\xampp\htdocs\wcs.pns.id\vendor\codeigniter4\framework\system\Database\BaseConnection.php(598): CodeIgniter\Database\BaseConnection->simpleQuery('INSERT INTO `tb...')
#3 C:\xampp\htdocs\wcs.pns.id\vendor\codeigniter4\framework\system\Database\BaseBuilder.php(1771): CodeIgniter\Database\BaseConnection->query('INSERT INTO `tb...', Array, false)
#4 C:\xampp\htdocs\wcs.pns.id\app\Models\Home_model.php(47): CodeIgniter\Database\BaseBuilder->insert(Array)
#5 C:\xampp\htdocs\wcs.pns.id\app\Controllers\Home.php(225): App\Models\Home_model->dataInsert('tbl_weight_scal...', Array)
#6 C:\xampp\htdocs\wcs.pns.id\vendor\codeigniter4\framework\system\CodeIgniter.php(832): App\Controllers\Home->saveTruckIn()
#7 C:\xampp\htdocs\wcs.pns.id\vendor\codeigniter4\framework\system\CodeIgniter.php(419): CodeIgniter\CodeIgniter->runController(Object(App\Controllers\Home))
#8 C:\xampp\htdocs\wcs.pns.id\vendor\codeigniter4\framework\system\CodeIgniter.php(326): CodeIgniter\CodeIgniter->handleRequest(NULL, Object(Config\Cache), false)
#9 C:\xampp\htdocs\wcs.pns.id\index.php(37): CodeIgniter\CodeIgniter->run()
#10 {main}
